This file contains any messages produced by compilers while
running configure, to aid debugging if configure makes a mistake.

It was created by CoreFoundation configure 476.18.0, which was
generated by GNU Autoconf 2.61.  Invocation command line was

  $ ./configure 

## --------- ##
## Platform. ##
## --------- ##

hostname = Vincent-PC
uname -m = i686
uname -r = 1.0.11(0.46/3/2)
uname -s = MINGW32_NT-6.1
uname -v = 2009-07-11 17:46

/usr/bin/uname -p = unknown
/bin/uname -X     = unknown

/bin/arch              = unknown
/usr/bin/arch -k       = unknown
/usr/convex/getsysinfo = unknown
/usr/bin/hostinfo      = unknown
/bin/machine           = unknown
/usr/bin/oslevel       = unknown
/bin/universe          = unknown

PATH: /usr/local/bin
PATH: /mingw/bin
PATH: /bin
PATH: /c/Scripting/Python26/
PATH: /c/gynoid/ide/Carbide.c++_v2.0/x86Build/Symbian_Tools/Command_Line_Tools
PATH: /c/Scripting/Perl/bin/
PATH: /c/Windows/system32
PATH: /c/Windows
PATH: /c/Windows/System32/Wbem
PATH: /c/Windows/System32/WindowsPowerShell/v1.0/
PATH: /c/Program Files (x86)/Microsoft SQL Server/90/Tools/binn/
PATH: /c/gynoid/toolchains/arm-symbianelf/bin
PATH: /c/gynoid/sdks/android-sdk-windows-1.5_r2/tools
PATH: /c/Program Files (x86)/Microsoft ASL Compiler v4.0
PATH: /c/Program Files (x86)/iasl-win-20091013
PATH: /c/Program Files (x86)/Java/jdk1.6.0_16/bin
PATH: /c/Program Files/TortoiseSVN/bin
PATH: /c/Program Files (x86)/QuickTime/QTSystem/
PATH: /c/Program Files (x86)/CMake 2.6/bin
PATH: /mingw/bin


## ----------- ##
## Core tests. ##
## ----------- ##

configure:2074: checking for a BSD-compatible install
configure:2130: result: /bin/install -c
configure:2141: checking whether build environment is sane
configure:2184: result: yes
configure:2212: checking for a thread-safe mkdir -p
configure:2251: result: /bin/mkdir -p
configure:2264: checking for gawk
configure:2280: found /bin/gawk
configure:2291: result: gawk
configure:2302: checking whether make sets $(MAKE)
configure:2323: result: yes
configure:2517: checking whether to enable maintainer-specific portions of Makefiles
configure:2526: result: no
configure:2549: checking build system type
configure:2567: result: i686-pc-mingw32
configure:2589: checking host system type
configure:2604: result: i686-pc-mingw32
configure:2627: checking for supported deployment target
configure:2660: result: Windows
configure:2714: checking for gcc
configure:2730: found /mingw/bin/gcc
configure:2741: result: gcc
configure:2979: checking for C compiler version
configure:2986: gcc --version >&5
gcc.exe (GCC) 4.4.0
Copyright (C) 2009 Free Software Foundation, Inc.
This is free software; see the source for copying conditions.  There is NO
warranty; not even for MERCHANTABILITY or FITNESS FOR A PARTICULAR PURPOSE.

configure:2989: $? = 0
configure:2996: gcc -v >&5
Using built-in specs.
Target: mingw32
Configured with: ../gcc-4.4.0/configure --enable-languages=c,ada,c++,fortran,java,objc,obj-c++ --disable-sjlj-exceptions --enable-shared --enable-libgcj --enable-libgomp --with-dwarf2 --disable-win32-registry --enable-libstdcxx-debug --enable-version-specific-runtime-libs --prefix=/mingw --with-gmp=/mingw/src/gmp/root --with-mpfr=/mingw/src/mpfr/root --build=mingw32
Thread model: win32
gcc version 4.4.0 (GCC) 
configure:2999: $? = 0
configure:3006: gcc -V >&5
gcc.exe: '-V' option must have argument
configure:3009: $? = 1
configure:3032: checking for C compiler default output file name
configure:3059: gcc  -DDEPLOYMENT_TARGET_WINDOWS=1   conftest.c  >&5
configure:3062: $? = 0
configure:3100: result: a.exe
configure:3117: checking whether the C compiler works
configure:3127: ./a.exe
configure:3130: $? = 0
configure:3147: result: yes
configure:3154: checking whether we are cross compiling
configure:3156: result: no
configure:3159: checking for suffix of executables
configure:3166: gcc -o conftest.exe  -DDEPLOYMENT_TARGET_WINDOWS=1   conftest.c  >&5
configure:3169: $? = 0
configure:3193: result: .exe
configure:3199: checking for suffix of object files
configure:3225: gcc -c  -DDEPLOYMENT_TARGET_WINDOWS=1  conftest.c >&5
configure:3228: $? = 0
configure:3251: result: o
configure:3255: checking whether we are using the GNU C compiler
configure:3284: gcc -c  -DDEPLOYMENT_TARGET_WINDOWS=1  conftest.c >&5
configure:3290: $? = 0
configure:3307: result: yes
configure:3312: checking whether gcc accepts -g
configure:3342: gcc -c -g -DDEPLOYMENT_TARGET_WINDOWS=1  conftest.c >&5
configure:3348: $? = 0
configure:3447: result: yes
configure:3464: checking for gcc option to accept ISO C89
configure:3538: gcc  -c -g -O2 -DDEPLOYMENT_TARGET_WINDOWS=1  conftest.c >&5
configure:3544: $? = 0
configure:3567: result: none needed
configure:3596: checking for style of include used by make
configure:3624: result: GNU
configure:3649: checking dependency style of gcc
configure:3740: result: gcc3
configure:3813: checking for g++
configure:3829: found /mingw/bin/g++
configure:3840: result: g++
configure:3871: checking for C++ compiler version
configure:3878: g++ --version >&5
g++.exe (GCC) 4.4.0
Copyright (C) 2009 Free Software Foundation, Inc.
This is free software; see the source for copying conditions.  There is NO
warranty; not even for MERCHANTABILITY or FITNESS FOR A PARTICULAR PURPOSE.

configure:3881: $? = 0
configure:3888: g++ -v >&5
Using built-in specs.
Target: mingw32
Configured with: ../gcc-4.4.0/configure --enable-languages=c,ada,c++,fortran,java,objc,obj-c++ --disable-sjlj-exceptions --enable-shared --enable-libgcj --enable-libgomp --with-dwarf2 --disable-win32-registry --enable-libstdcxx-debug --enable-version-specific-runtime-libs --prefix=/mingw --with-gmp=/mingw/src/gmp/root --with-mpfr=/mingw/src/mpfr/root --build=mingw32
Thread model: win32
gcc version 4.4.0 (GCC) 
configure:3891: $? = 0
configure:3898: g++ -V >&5
g++.exe: '-V' option must have argument
configure:3901: $? = 1
configure:3904: checking whether we are using the GNU C++ compiler
configure:3933: g++ -c  -DDEPLOYMENT_TARGET_WINDOWS=1  conftest.cpp >&5
configure:3939: $? = 0
configure:3956: result: yes
configure:3961: checking whether g++ accepts -g
configure:3991: g++ -c -g -DDEPLOYMENT_TARGET_WINDOWS=1  conftest.cpp >&5
configure:3997: $? = 0
configure:4096: result: yes
configure:4121: checking dependency style of g++
configure:4212: result: gcc3
configure:4240: checking whether gcc and cc understand -c and -o together
configure:4275: gcc -c conftest.c -o conftest2.o >&5
configure:4278: $? = 0
configure:4284: gcc -c conftest.c -o conftest2.o >&5
configure:4287: $? = 0
configure:4298: cc -c conftest.c >&5
./configure: line 4299: cc: command not found
configure:4301: $? = 127
configure:4339: result: yes
configure:4370: checking how to run the C preprocessor
configure:4410: gcc -E -DDEPLOYMENT_TARGET_WINDOWS=1  conftest.c
configure:4416: $? = 0
configure:4447: gcc -E -DDEPLOYMENT_TARGET_WINDOWS=1  conftest.c
conftest.c:12:28: error: ac_nonexistent.h: No such file or directory
configure:4453: $? = 1
configure: failed program was:
| /* confdefs.h.  */
| #define PACKAGE_NAME "CoreFoundation"
| #define PACKAGE_TARNAME "opencflite"
| #define PACKAGE_VERSION "476.18.0"
| #define PACKAGE_STRING "CoreFoundation 476.18.0"
| #define PACKAGE_BUGREPORT "bfulgham@users.sourceforge.net"
| #define PACKAGE "opencflite"
| #define VERSION "476.18.0"
| #define _BSD_SOURCE 1
| #define _GNU_SOURCE 1
| /* end confdefs.h.  */
| #include <ac_nonexistent.h>
configure:4486: result: gcc -E
configure:4515: gcc -E -DDEPLOYMENT_TARGET_WINDOWS=1  conftest.c
configure:4521: $? = 0
configure:4552: gcc -E -DDEPLOYMENT_TARGET_WINDOWS=1  conftest.c
conftest.c:12:28: error: ac_nonexistent.h: No such file or directory
configure:4558: $? = 1
configure: failed program was:
| /* confdefs.h.  */
| #define PACKAGE_NAME "CoreFoundation"
| #define PACKAGE_TARNAME "opencflite"
| #define PACKAGE_VERSION "476.18.0"
| #define PACKAGE_STRING "CoreFoundation 476.18.0"
| #define PACKAGE_BUGREPORT "bfulgham@users.sourceforge.net"
| #define PACKAGE "opencflite"
| #define VERSION "476.18.0"
| #define _BSD_SOURCE 1
| #define _GNU_SOURCE 1
| /* end confdefs.h.  */
| #include <ac_nonexistent.h>
configure:4608: checking for a BSD-compatible install
configure:4664: result: /bin/install -c
configure:4700: checking for a sed that does not truncate output
configure:4779: result: /bin/sed
configure:4797: checking for grep that handles long lines and -e
configure:4871: result: /bin/grep
configure:4876: checking for egrep
configure:4954: result: /bin/grep -E
configure:4959: checking for fgrep
configure:5037: result: /bin/grep -F
configure:5072: checking for ld used by gcc
configure:5139: result: c:/gnustep/mingw/mingw32/bin/ld.exe
configure:5148: checking if the linker (c:/gnustep/mingw/mingw32/bin/ld.exe) is GNU ld
configure:5163: result: yes
configure:5175: checking for BSD- or MS-compatible name lister (nm)
configure:5224: result: /mingw/bin/nm
configure:5346: checking the name lister (/mingw/bin/nm) interface
configure:5353: gcc -c -g -O2 -DDEPLOYMENT_TARGET_WINDOWS=1  conftest.c >&5
configure:5356: /mingw/bin/nm "conftest.o"
configure:5359: output
00000000 b .bss
00000000 d .data
00000000 N .debug_abbrev
00000000 N .debug_info
00000000 N .debug_line
00000000 N .debug_pubnames
00000000 t .text
00000000 B _some_variable
configure:5366: result: BSD nm
configure:5369: checking whether ln -s works
configure:5373: result: yes
configure:5381: checking the maximum length of command line arguments
configure:5501: result: 8192
configure:5518: checking whether the shell understands some XSI constructs
configure:5528: result: yes
configure:5532: checking whether the shell understands "+="
configure:5538: result: yes
configure:5573: checking for c:/gnustep/mingw/mingw32/bin/ld.exe option to reload object files
configure:5580: result: -r
configure:5607: checking how to recognize dependent libraries
configure:5797: result: file_magic ^x86 archive import|^x86 DLL
configure:5857: checking for ar
configure:5873: found /mingw/bin/ar
configure:5884: result: ar
configure:5966: checking for strip
configure:5982: found /mingw/bin/strip
configure:5993: result: strip
configure:6069: checking for ranlib
configure:6085: found /mingw/bin/ranlib
configure:6096: result: ranlib
configure:6190: checking command to parse /mingw/bin/nm output from gcc object
configure:6308: gcc -c -g -O2 -DDEPLOYMENT_TARGET_WINDOWS=1  conftest.c >&5
configure:6311: $? = 0
configure:6315: /mingw/bin/nm conftest.o \| sed -n -e 's/^.*[	 ]\([ABCDGIRSTW][ABCDGIRSTW]*\)[	 ][	 ]*\([_A-Za-z][_A-Za-z0-9]*\)\{0,1\}$/\1 \2 \2/p' \> conftest.nm
configure:6318: $? = 0
cannot find nm_test_var in conftest.nm
configure:6308: gcc -c -g -O2 -DDEPLOYMENT_TARGET_WINDOWS=1  conftest.c >&5
configure:6311: $? = 0
configure:6315: /mingw/bin/nm conftest.o \| sed -n -e 's/^.*[	 ]\([ABCDGIRSTW][ABCDGIRSTW]*\)[	 ][	 ]*_\([_A-Za-z][_A-Za-z0-9]*\)\{0,1\}$/\1 _\2 \2/p' \> conftest.nm
configure:6318: $? = 0
configure:6372: gcc -o conftest.exe -g -O2 -DDEPLOYMENT_TARGET_WINDOWS=1   conftest.c conftstm.o >&5
configure:6375: $? = 0
configure:6413: result: ok
configure:7288: checking for ANSI C header files
configure:7318: gcc -c -g -O2 -DDEPLOYMENT_TARGET_WINDOWS=1  conftest.c >&5
configure:7324: $? = 0
configure:7423: gcc -o conftest.exe -g -O2 -DDEPLOYMENT_TARGET_WINDOWS=1   conftest.c  >&5
configure:7426: $? = 0
configure:7432: ./conftest.exe
configure:7435: $? = 0
configure:7452: result: yes
configure:7476: checking for sys/types.h
configure:7497: gcc -c -g -O2 -DDEPLOYMENT_TARGET_WINDOWS=1  conftest.c >&5
configure:7503: $? = 0
configure:7519: result: yes
configure:7476: checking for sys/stat.h
configure:7497: gcc -c -g -O2 -DDEPLOYMENT_TARGET_WINDOWS=1  conftest.c >&5
configure:7503: $? = 0
configure:7519: result: yes
configure:7476: checking for stdlib.h
configure:7497: gcc -c -g -O2 -DDEPLOYMENT_TARGET_WINDOWS=1  conftest.c >&5
configure:7503: $? = 0
configure:7519: result: yes
configure:7476: checking for string.h
configure:7497: gcc -c -g -O2 -DDEPLOYMENT_TARGET_WINDOWS=1  conftest.c >&5
configure:7503: $? = 0
configure:7519: result: yes
configure:7476: checking for memory.h
configure:7497: gcc -c -g -O2 -DDEPLOYMENT_TARGET_WINDOWS=1  conftest.c >&5
configure:7503: $? = 0
configure:7519: result: yes
configure:7476: checking for strings.h
configure:7497: gcc -c -g -O2 -DDEPLOYMENT_TARGET_WINDOWS=1  conftest.c >&5
configure:7503: $? = 0
configure:7519: result: yes
configure:7476: checking for inttypes.h
configure:7497: gcc -c -g -O2 -DDEPLOYMENT_TARGET_WINDOWS=1  conftest.c >&5
configure:7503: $? = 0
configure:7519: result: yes
configure:7476: checking for stdint.h
configure:7497: gcc -c -g -O2 -DDEPLOYMENT_TARGET_WINDOWS=1  conftest.c >&5
configure:7503: $? = 0
configure:7519: result: yes
configure:7476: checking for unistd.h
configure:7497: gcc -c -g -O2 -DDEPLOYMENT_TARGET_WINDOWS=1  conftest.c >&5
configure:7503: $? = 0
configure:7519: result: yes
configure:7535: checking for dlfcn.h
configure:7556: gcc -c -g -O2 -DDEPLOYMENT_TARGET_WINDOWS=1  conftest.c >&5
conftest.c:56:19: error: dlfcn.h: No such file or directory
configure:7562: $? = 1
configure: failed program was:
| /* confdefs.h.  */
| #define PACKAGE_NAME "CoreFoundation"
| #define PACKAGE_TARNAME "opencflite"
| #define PACKAGE_VERSION "476.18.0"
| #define PACKAGE_STRING "CoreFoundation 476.18.0"
| #define PACKAGE_BUGREPORT "bfulgham@users.sourceforge.net"
| #define PACKAGE "opencflite"
| #define VERSION "476.18.0"
| #define _BSD_SOURCE 1
| #define _GNU_SOURCE 1
| #define STDC_HEADERS 1
| #define HAVE_SYS_TYPES_H 1
| #define HAVE_SYS_STAT_H 1
| #define HAVE_STDLIB_H 1
| #define HAVE_STRING_H 1
| #define HAVE_MEMORY_H 1
| #define HAVE_STRINGS_H 1
| #define HAVE_INTTYPES_H 1
| #define HAVE_STDINT_H 1
| #define HAVE_UNISTD_H 1
| /* end confdefs.h.  */
| #include <stdio.h>
| #ifdef HAVE_SYS_TYPES_H
| # include <sys/types.h>
| #endif
| #ifdef HAVE_SYS_STAT_H
| # include <sys/stat.h>
| #endif
| #ifdef STDC_HEADERS
| # include <stdlib.h>
| # include <stddef.h>
| #else
| # ifdef HAVE_STDLIB_H
| #  include <stdlib.h>
| # endif
| #endif
| #ifdef HAVE_STRING_H
| # if !defined STDC_HEADERS && defined HAVE_MEMORY_H
| #  include <memory.h>
| # endif
| # include <string.h>
| #endif
| #ifdef HAVE_STRINGS_H
| # include <strings.h>
| #endif
| #ifdef HAVE_INTTYPES_H
| # include <inttypes.h>
| #endif
| #ifdef HAVE_STDINT_H
| # include <stdint.h>
| #endif
| #ifdef HAVE_UNISTD_H
| # include <unistd.h>
| #endif
| 
| #include <dlfcn.h>
configure:7578: result: no
configure:7707: checking for C++ compiler version
configure:7714: g++ --version >&5
g++.exe (GCC) 4.4.0
Copyright (C) 2009 Free Software Foundation, Inc.
This is free software; see the source for copying conditions.  There is NO
warranty; not even for MERCHANTABILITY or FITNESS FOR A PARTICULAR PURPOSE.

configure:7717: $? = 0
configure:7724: g++ -v >&5
Using built-in specs.
Target: mingw32
Configured with: ../gcc-4.4.0/configure --enable-languages=c,ada,c++,fortran,java,objc,obj-c++ --disable-sjlj-exceptions --enable-shared --enable-libgcj --enable-libgomp --with-dwarf2 --disable-win32-registry --enable-libstdcxx-debug --enable-version-specific-runtime-libs --prefix=/mingw --with-gmp=/mingw/src/gmp/root --with-mpfr=/mingw/src/mpfr/root --build=mingw32
Thread model: win32
gcc version 4.4.0 (GCC) 
configure:7727: $? = 0
configure:7734: g++ -V >&5
g++.exe: '-V' option must have argument
configure:7737: $? = 1
configure:7740: checking whether we are using the GNU C++ compiler
configure:7792: result: yes
configure:7797: checking whether g++ accepts -g
configure:7932: result: yes
configure:7957: checking dependency style of g++
configure:8048: result: gcc3
configure:8071: checking how to run the C++ preprocessor
configure:8107: g++ -E -DDEPLOYMENT_TARGET_WINDOWS=1  conftest.cpp
configure:8113: $? = 0
configure:8144: g++ -E -DDEPLOYMENT_TARGET_WINDOWS=1  conftest.cpp
conftest.cpp:22:28: error: ac_nonexistent.h: No such file or directory
configure:8150: $? = 1
configure: failed program was:
| /* confdefs.h.  */
| #define PACKAGE_NAME "CoreFoundation"
| #define PACKAGE_TARNAME "opencflite"
| #define PACKAGE_VERSION "476.18.0"
| #define PACKAGE_STRING "CoreFoundation 476.18.0"
| #define PACKAGE_BUGREPORT "bfulgham@users.sourceforge.net"
| #define PACKAGE "opencflite"
| #define VERSION "476.18.0"
| #define _BSD_SOURCE 1
| #define _GNU_SOURCE 1
| #define STDC_HEADERS 1
| #define HAVE_SYS_TYPES_H 1
| #define HAVE_SYS_STAT_H 1
| #define HAVE_STDLIB_H 1
| #define HAVE_STRING_H 1
| #define HAVE_MEMORY_H 1
| #define HAVE_STRINGS_H 1
| #define HAVE_INTTYPES_H 1
| #define HAVE_STDINT_H 1
| #define HAVE_UNISTD_H 1
| /* end confdefs.h.  */
| #include <ac_nonexistent.h>
configure:8183: result: g++ -E
configure:8212: g++ -E -DDEPLOYMENT_TARGET_WINDOWS=1  conftest.cpp
configure:8218: $? = 0
configure:8249: g++ -E -DDEPLOYMENT_TARGET_WINDOWS=1  conftest.cpp
conftest.cpp:22:28: error: ac_nonexistent.h: No such file or directory
configure:8255: $? = 1
configure: failed program was:
| /* confdefs.h.  */
| #define PACKAGE_NAME "CoreFoundation"
| #define PACKAGE_TARNAME "opencflite"
| #define PACKAGE_VERSION "476.18.0"
| #define PACKAGE_STRING "CoreFoundation 476.18.0"
| #define PACKAGE_BUGREPORT "bfulgham@users.sourceforge.net"
| #define PACKAGE "opencflite"
| #define VERSION "476.18.0"
| #define _BSD_SOURCE 1
| #define _GNU_SOURCE 1
| #define STDC_HEADERS 1
| #define HAVE_SYS_TYPES_H 1
| #define HAVE_SYS_STAT_H 1
| #define HAVE_STDLIB_H 1
| #define HAVE_STRING_H 1
| #define HAVE_MEMORY_H 1
| #define HAVE_STRINGS_H 1
| #define HAVE_INTTYPES_H 1
| #define HAVE_STDINT_H 1
| #define HAVE_UNISTD_H 1
| /* end confdefs.h.  */
| #include <ac_nonexistent.h>
configure:8467: checking for objdir
configure:8482: result: .libs
configure:8774: checking if gcc supports -fno-rtti -fno-exceptions
configure:8792: gcc -c -g -O2 -DDEPLOYMENT_TARGET_WINDOWS=1  -fno-rtti -fno-exceptions conftest.c >&5
cc1.exe: warning: command line option "-fno-rtti" is valid for C++/ObjC++ but not for C
configure:8796: $? = 0
configure:8809: result: no
configure:8829: checking for gcc option to produce PIC
configure:9086: result: -DDLL_EXPORT -DPIC
configure:9098: checking if gcc PIC flag -DDLL_EXPORT -DPIC works
configure:9116: gcc -c -g -O2 -DDEPLOYMENT_TARGET_WINDOWS=1  -DDLL_EXPORT -DPIC -DPIC conftest.c >&5
configure:9120: $? = 0
configure:9133: result: yes
configure:9157: checking if gcc static flag -static works
configure:9185: result: yes
configure:9200: checking if gcc supports -c -o file.o
configure:9221: gcc -c -g -O2 -DDEPLOYMENT_TARGET_WINDOWS=1  -o out/conftest2.o conftest.c >&5
configure:9225: $? = 0
configure:9247: result: yes
configure:9255: checking if gcc supports -c -o file.o
configure:9302: result: yes
configure:9335: checking whether the gcc linker (c:/gnustep/mingw/mingw32/bin/ld.exe) supports shared libraries
configure:10390: result: yes
configure:10427: checking whether -lc should be explicitly linked in
configure:10432: gcc -c -g -O2 -DDEPLOYMENT_TARGET_WINDOWS=1  conftest.c >&5
configure:10435: $? = 0
configure:10450: gcc -shared conftest.o  -v -o ./conftest -Wl,--enable-auto-image-base -Xlinker --out-implib -Xlinker conftest 2\>\&1 \| /bin/grep  -lc  \>/dev/null 2\>\&1
configure:10453: $? = 1
configure:10465: result: yes
configure:10629: checking dynamic linker characteristics
configure:11320: result: Win32 ld.exe
configure:11422: checking how to hardcode library paths into programs
configure:11447: result: immediate
configure:12260: checking whether stripping libraries is possible
configure:12265: result: yes
configure:12300: checking if libtool supports shared libraries
configure:12302: result: yes
configure:12305: checking whether to build shared libraries
configure:12326: result: yes
configure:12329: checking whether to build static libraries
configure:12333: result: yes
configure:12483: checking for ld used by g++
configure:12550: result: c:/gnustep/mingw/mingw32/bin/ld.exe
configure:12559: checking if the linker (c:/gnustep/mingw/mingw32/bin/ld.exe) is GNU ld
configure:12574: result: yes
configure:12629: checking whether the g++ linker (c:/gnustep/mingw/mingw32/bin/ld.exe) supports shared libraries
configure:13591: result: yes
configure:13619: g++ -c -g -O2 -DDEPLOYMENT_TARGET_WINDOWS=1  conftest.cpp >&5
configure:13622: $? = 0
configure:13804: checking for g++ option to produce PIC
configure:14113: result: -DDLL_EXPORT -DPIC
configure:14122: checking if g++ PIC flag -DDLL_EXPORT -DPIC works
configure:14140: g++ -c -g -O2 -DDEPLOYMENT_TARGET_WINDOWS=1  -DDLL_EXPORT -DPIC -DPIC conftest.cpp >&5
configure:14144: $? = 0
configure:14157: result: yes
configure:14178: checking if g++ static flag -static works
configure:14206: result: yes
configure:14218: checking if g++ supports -c -o file.o
configure:14239: g++ -c -g -O2 -DDEPLOYMENT_TARGET_WINDOWS=1  -o out/conftest2.o conftest.cpp >&5
configure:14243: $? = 0
configure:14265: result: yes
configure:14270: checking if g++ supports -c -o file.o
configure:14317: result: yes
configure:14347: checking whether the g++ linker (c:/gnustep/mingw/mingw32/bin/ld.exe) supports shared libraries
configure:14376: result: yes
configure:14513: checking dynamic linker characteristics
configure:15152: result: Win32 ld.exe
configure:15203: checking how to hardcode library paths into programs
configure:15228: result: immediate
configure:15286: checking whether ln -s works
configure:15290: result: yes
configure:15340: checking for ranlib
configure:15367: result: ranlib
configure:15395: checking for cmp
configure:15413: found /bin/cmp
configure:15425: result: /bin/cmp
configure:15482: checking for as
configure:15498: found /mingw/bin/as
configure:15509: result: as
configure:15578: checking for dlltool
configure:15594: found /mingw/bin/dlltool
configure:15605: result: dlltool
configure:15674: checking for objdump
configure:15690: found /mingw/bin/objdump
configure:15701: result: objdump
configure:15755: checking whether char is unsigned
configure:15783: gcc -c -g -O2 -DDEPLOYMENT_TARGET_WINDOWS=1  conftest.c >&5
configure:15789: $? = 0
configure:15804: result: no
configure:15813: checking for an ANSI C-conforming const
configure:15888: gcc -c -g -O2 -DDEPLOYMENT_TARGET_WINDOWS=1  conftest.c >&5
configure:15894: $? = 0
configure:15909: result: yes
configure:15919: checking for inline
configure:15945: gcc -c -g -O2 -DDEPLOYMENT_TARGET_WINDOWS=1  conftest.c >&5
configure:15951: $? = 0
configure:15969: result: inline
configure:15988: checking for C/C++ restrict keyword
configure:16024: gcc -c -g -O2 -DDEPLOYMENT_TARGET_WINDOWS=1  conftest.c >&5
conftest.c:24: error: expected ';', ',' or ')' before 'ip'
conftest.c: In function 'main':
conftest.c:31: error: expected '=', ',', ';', 'asm' or '__attribute__' before 't'
conftest.c:31: error: 't' undeclared (first use in this function)
conftest.c:31: error: (Each undeclared identifier is reported only once
conftest.c:31: error: for each function it appears in.)
configure:16030: $? = 1
configure: failed program was:
| /* confdefs.h.  */
| #define PACKAGE_NAME "CoreFoundation"
| #define PACKAGE_TARNAME "opencflite"
| #define PACKAGE_VERSION "476.18.0"
| #define PACKAGE_STRING "CoreFoundation 476.18.0"
| #define PACKAGE_BUGREPORT "bfulgham@users.sourceforge.net"
| #define PACKAGE "opencflite"
| #define VERSION "476.18.0"
| #define _BSD_SOURCE 1
| #define _GNU_SOURCE 1
| #define STDC_HEADERS 1
| #define HAVE_SYS_TYPES_H 1
| #define HAVE_SYS_STAT_H 1
| #define HAVE_STDLIB_H 1
| #define HAVE_STRING_H 1
| #define HAVE_MEMORY_H 1
| #define HAVE_STRINGS_H 1
| #define HAVE_INTTYPES_H 1
| #define HAVE_STDINT_H 1
| #define HAVE_UNISTD_H 1
| #define LT_OBJDIR ".libs/"
| /* end confdefs.h.  */
| typedef int * int_ptr;
|         int foo (int_ptr restrict ip) {
|         return ip[0];
|        }
| int
| main ()
| {
| int s[1];
|         int * restrict t = s;
|         t[0] = 0;
|         return foo(t)
|   ;
|   return 0;
| }
configure:16024: gcc -c -g -O2 -DDEPLOYMENT_TARGET_WINDOWS=1  conftest.c >&5
configure:16030: $? = 0
configure:16048: result: __restrict
configure:16063: checking for working volatile
configure:16092: gcc -c -g -O2 -DDEPLOYMENT_TARGET_WINDOWS=1  conftest.c >&5
configure:16098: $? = 0
configure:16113: result: yes
configure:16144: checking whether gcc accepts -Wall
configure:16148: result: yes
configure:16144: checking whether gcc accepts -Wmost
configure:16151: result: no
configure:16144: checking whether gcc accepts -pipe
configure:16148: result: yes
configure:16144: checking whether gcc accepts -Wno-trigraphs
configure:16148: result: yes
configure:16144: checking whether gcc accepts -Wno-parentheses
configure:16148: result: yes
configure:16144: checking whether gcc accepts -fexceptions
configure:16148: result: yes
configure:16144: checking whether gcc accepts -std=gnu99
configure:16148: result: yes
configure:16144: checking whether gcc accepts -mmacosx-version-min=10.5
configure:16151: result: no
configure:16144: checking whether gcc accepts -fconstant-cfstrings
configure:16151: result: no
configure:16159: checking for compiler atomic built-ins
configure:16162: checking whether the target supports __sync_fetch_and_add
configure:16194: gcc -o conftest.exe -g -O2 -Wall -pipe -Wno-trigraphs -Wno-parentheses -fexceptions -std=gnu99 -DDEPLOYMENT_TARGET_WINDOWS=1   conftest.c  >&5
C:\Users\Vincent\AppData\Local\Temp\ccfI3VOs.o: In function `main':
c:\lal\openquartz\openquartz_20091224\openquartz\src\CoreFoundationLite/conftest.c:32: undefined reference to `__sync_fetch_and_add_4'
collect2: ld returned 1 exit status
configure:16200: $? = 1
configure: failed program was:
| 
| 				/* confdefs.h.  */
| #define PACKAGE_NAME "CoreFoundation"
| #define PACKAGE_TARNAME "opencflite"
| #define PACKAGE_VERSION "476.18.0"
| #define PACKAGE_STRING "CoreFoundation 476.18.0"
| #define PACKAGE_BUGREPORT "bfulgham@users.sourceforge.net"
| #define PACKAGE "opencflite"
| #define VERSION "476.18.0"
| #define _BSD_SOURCE 1
| #define _GNU_SOURCE 1
| #define STDC_HEADERS 1
| #define HAVE_SYS_TYPES_H 1
| #define HAVE_SYS_STAT_H 1
| #define HAVE_STDLIB_H 1
| #define HAVE_STRING_H 1
| #define HAVE_MEMORY_H 1
| #define HAVE_STRINGS_H 1
| #define HAVE_INTTYPES_H 1
| #define HAVE_STDINT_H 1
| #define HAVE_UNISTD_H 1
| #define LT_OBJDIR ".libs/"
| #define restrict __restrict
| /* end confdefs.h.  */
| 
| 
| int
| main ()
| {
| 
| 					int foo = 0;
| 					return __sync_fetch_and_add(&foo, 1);
| 
|   ;
|   return 0;
| }
configure:16218: result: no
configure:16228: error: Support for __sync_fetch_and_add is required.

## ---------------- ##
## Cache variables. ##
## ---------------- ##

ac_cv_build=i686-pc-mingw32
ac_cv_c_char_unsigned=no
ac_cv_c_compiler_gnu=yes
ac_cv_c_const=yes
ac_cv_c_inline=inline
ac_cv_c_restrict=__restrict
ac_cv_c_volatile=yes
ac_cv_cxx_compiler_gnu=yes
ac_cv_env_CCC_set=
ac_cv_env_CCC_value=
ac_cv_env_CC_set=
ac_cv_env_CC_value=
ac_cv_env_CFLAGS_set=
ac_cv_env_CFLAGS_value=
ac_cv_env_CPPFLAGS_set=
ac_cv_env_CPPFLAGS_value=
ac_cv_env_CPP_set=
ac_cv_env_CPP_value=
ac_cv_env_CXXCPP_set=
ac_cv_env_CXXCPP_value=
ac_cv_env_CXXFLAGS_set=
ac_cv_env_CXXFLAGS_value=
ac_cv_env_CXX_set=
ac_cv_env_CXX_value=
ac_cv_env_LDFLAGS_set=
ac_cv_env_LDFLAGS_value=
ac_cv_env_LIBS_set=
ac_cv_env_LIBS_value=
ac_cv_env_build_alias_set=
ac_cv_env_build_alias_value=
ac_cv_env_host_alias_set=
ac_cv_env_host_alias_value=
ac_cv_env_target_alias_set=
ac_cv_env_target_alias_value=
ac_cv_exeext=.exe
ac_cv_header_dlfcn_h=no
ac_cv_header_inttypes_h=yes
ac_cv_header_memory_h=yes
ac_cv_header_stdc=yes
ac_cv_header_stdint_h=yes
ac_cv_header_stdlib_h=yes
ac_cv_header_string_h=yes
ac_cv_header_strings_h=yes
ac_cv_header_sys_stat_h=yes
ac_cv_header_sys_types_h=yes
ac_cv_header_unistd_h=yes
ac_cv_host=i686-pc-mingw32
ac_cv_objext=o
ac_cv_path_CMP=/bin/cmp
ac_cv_path_EGREP='/bin/grep -E'
ac_cv_path_FGREP='/bin/grep -F'
ac_cv_path_GREP=/bin/grep
ac_cv_path_SED=/bin/sed
ac_cv_path_install='/bin/install -c'
ac_cv_path_mkdir=/bin/mkdir
ac_cv_prog_AWK=gawk
ac_cv_prog_CPP='gcc -E'
ac_cv_prog_CXXCPP='g++ -E'
ac_cv_prog_ac_ct_AR=ar
ac_cv_prog_ac_ct_AS=as
ac_cv_prog_ac_ct_CC=gcc
ac_cv_prog_ac_ct_CXX=g++
ac_cv_prog_ac_ct_DLLTOOL=dlltool
ac_cv_prog_ac_ct_OBJDUMP=objdump
ac_cv_prog_ac_ct_RANLIB=ranlib
ac_cv_prog_ac_ct_STRIP=strip
ac_cv_prog_cc_c89=
ac_cv_prog_cc_g=yes
ac_cv_prog_cc_gcc_c_o=yes
ac_cv_prog_cxx_g=yes
ac_cv_prog_make_make_set=yes
am_cv_CC_dependencies_compiler_type=gcc3
am_cv_CXX_dependencies_compiler_type=gcc3
cf_cv_have_sync_fetch_and_add=no
lt_cv_deplibs_check_method='file_magic ^x86 archive import|^x86 DLL'
lt_cv_file_magic_cmd=func_win32_libid
lt_cv_file_magic_test_file=
lt_cv_ld_reload_flag=-r
lt_cv_nm_interface='BSD nm'
lt_cv_objdir=.libs
lt_cv_path_LD=c:/gnustep/mingw/mingw32/bin/ld.exe
lt_cv_path_LDCXX=c:/gnustep/mingw/mingw32/bin/ld.exe
lt_cv_path_NM=/mingw/bin/nm
lt_cv_prog_compiler_c_o=yes
lt_cv_prog_compiler_c_o_CXX=yes
lt_cv_prog_compiler_pic_works=yes
lt_cv_prog_compiler_pic_works_CXX=yes
lt_cv_prog_compiler_rtti_exceptions=no
lt_cv_prog_compiler_static_works=yes
lt_cv_prog_compiler_static_works_CXX=yes
lt_cv_prog_gnu_ld=yes
lt_cv_prog_gnu_ldcxx=yes
lt_cv_sys_global_symbol_pipe='sed -n -e '\''s/^.*[	 ]\([ABCDGIRSTW][ABCDGIRSTW]*\)[	 ][	 ]*_\([_A-Za-z][_A-Za-z0-9]*\)\{0,1\}$/\1 _\2 \2/p'\'''
lt_cv_sys_global_symbol_to_c_name_address='sed -n -e '\''s/^: \([^ ]*\) $/  {\"\1\", (void *) 0},/p'\'' -e '\''s/^[ABCDGIRSTW]* \([^ ]*\) \([^ ]*\)$/  {"\2", (void *) \&\2},/p'\'''
lt_cv_sys_global_symbol_to_c_name_address_lib_prefix='sed -n -e '\''s/^: \([^ ]*\) $/  {\"\1\", (void *) 0},/p'\'' -e '\''s/^[ABCDGIRSTW]* \([^ ]*\) \(lib[^ ]*\)$/  {"\2", (void *) \&\2},/p'\'' -e '\''s/^[ABCDGIRSTW]* \([^ ]*\) \([^ ]*\)$/  {"lib\2", (void *) \&\2},/p'\'''
lt_cv_sys_global_symbol_to_cdecl='sed -n -e '\''s/^T .* \(.*\)$/extern int \1();/p'\'' -e '\''s/^[ABCDGIRSTW]* .* \(.*\)$/extern char \1;/p'\'''
lt_cv_sys_max_cmd_len=8192

## ----------------- ##
## Output variables. ##
## ----------------- ##

ACLOCAL='${SHELL} /c/lal/openquartz/openquartz_20091224/openquartz/src/CoreFoundationLite/config/missing --run aclocal-1.10'
ALLOCA=''
AMDEPBACKSLASH='\'
AMDEP_FALSE='#'
AMDEP_TRUE=''
AMTAR='${SHELL} /c/lal/openquartz/openquartz_20091224/openquartz/src/CoreFoundationLite/config/missing --run tar'
AR='ar'
AS='as'
AUTOCONF='${SHELL} /c/lal/openquartz/openquartz_20091224/openquartz/src/CoreFoundationLite/config/missing --run autoconf'
AUTOHEADER='${SHELL} /c/lal/openquartz/openquartz_20091224/openquartz/src/CoreFoundationLite/config/missing --run autoheader'
AUTOMAKE='${SHELL} /c/lal/openquartz/openquartz_20091224/openquartz/src/CoreFoundationLite/config/missing --run automake-1.10'
AWK='gawk'
CC='gcc'
CCDEPMODE='depmode=gcc3'
CFLAGS='-g -O2 -Wall -pipe -Wno-trigraphs -Wno-parentheses -fexceptions -std=gnu99'
CF_BUILD_DEBUG_FALSE=''
CF_BUILD_DEBUG_TRUE=''
CF_BUILD_PROFILE_FALSE=''
CF_BUILD_PROFILE_TRUE=''
CF_BUILD_TESTS_FALSE=''
CF_BUILD_TESTS_TRUE=''
CF_VERSION_INFO='476:18:0'
CMP='/bin/cmp'
CPP='gcc -E'
CPPFLAGS='-DDEPLOYMENT_TARGET_WINDOWS=1 '
CXX='g++'
CXXCPP='g++ -E'
CXXDEPMODE='depmode=gcc3'
CXXFLAGS='-g -O2'
CYGPATH_W='echo'
DEFS=''
DEPDIR='.deps'
DLLTOOL='dlltool'
DSYMUTIL=''
DUMPBIN=''
ECHO_C=''
ECHO_N='-n'
ECHO_T=''
EGREP='/bin/grep -E'
EXEEXT='.exe'
FGREP='/bin/grep -F'
GREP='/bin/grep'
ICU_CONFIG=''
ICU_CPPFLAGS=''
ICU_LDFLAGS=''
ICU_LIBS=''
INSTALL_DATA='${INSTALL} -m 644'
INSTALL_PROGRAM='${INSTALL}'
INSTALL_SCRIPT='${INSTALL}'
INSTALL_STRIP_PROGRAM='$(install_sh) -c -s'
LD='c:/gnustep/mingw/mingw32/bin/ld.exe'
LDFLAGS=''
LIBOBJS=''
LIBS=''
LIBTOOL='$(SHELL) $(top_builddir)/libtool'
LIPO=''
LN_S='ln -s'
LTLIBOBJS=''
MAINT='#'
MAINTAINER_MODE_FALSE=''
MAINTAINER_MODE_TRUE='#'
MAKEINFO='${SHELL} /c/lal/openquartz/openquartz_20091224/openquartz/src/CoreFoundationLite/config/missing --run makeinfo'
NM='/mingw/bin/nm'
NMEDIT=''
OBJDUMP='objdump'
OBJEXT='o'
OTOOL64=''
OTOOL=''
PACKAGE='opencflite'
PACKAGE_BUGREPORT='bfulgham@users.sourceforge.net'
PACKAGE_NAME='CoreFoundation'
PACKAGE_STRING='CoreFoundation 476.18.0'
PACKAGE_TARNAME='opencflite'
PACKAGE_VERSION='476.18.0'
PATH_SEPARATOR=':'
PKG_CONFIG=''
PTHREAD_CC=''
PTHREAD_CFLAGS=''
PTHREAD_LIBS=''
RANLIB='ranlib'
SED='/bin/sed'
SET_MAKE=''
SHELL='/bin/sh'
STRIP='strip'
UUID_CONFIG=''
UUID_CPPFLAGS=''
UUID_LDFLAGS=''
UUID_LIBS=''
VERSION='476.18.0'
ac_ct_CC='gcc'
ac_ct_CXX='g++'
ac_ct_DUMPBIN=''
acx_pthread_config=''
am__fastdepCC_FALSE='#'
am__fastdepCC_TRUE=''
am__fastdepCXX_FALSE='#'
am__fastdepCXX_TRUE=''
am__include='include'
am__isrc=''
am__leading_dot='.'
am__quote=''
am__tar='${AMTAR} chof - "$$tardir"'
am__untar='${AMTAR} xf -'
bindir='${exec_prefix}/bin'
build='i686-pc-mingw32'
build_alias=''
build_cpu='i686'
build_os='mingw32'
build_vendor='pc'
datadir='${datarootdir}'
datarootdir='${prefix}/share'
docdir='${datarootdir}/doc/${PACKAGE_TARNAME}'
dvidir='${docdir}'
exec_prefix='NONE'
host='i686-pc-mingw32'
host_alias=''
host_cpu='i686'
host_os='mingw32'
host_vendor='pc'
htmldir='${docdir}'
includedir='${prefix}/include'
infodir='${datarootdir}/info'
install_sh='$(SHELL) /c/lal/openquartz/openquartz_20091224/openquartz/src/CoreFoundationLite/config/install-sh'
libdir='${exec_prefix}/lib'
libexecdir='${exec_prefix}/libexec'
localedir='${datarootdir}/locale'
localstatedir='${prefix}/var'
lt_ECHO='echo'
mandir='${datarootdir}/man'
mkdir_p='/bin/mkdir -p'
oldincludedir='/usr/include'
pdfdir='${docdir}'
prefix='NONE'
program_transform_name='s,x,x,'
psdir='${docdir}'
sbindir='${exec_prefix}/sbin'
sharedstatedir='${prefix}/com'
sysconfdir='${prefix}/etc'
target_alias=''

## ----------- ##
## confdefs.h. ##
## ----------- ##

#define PACKAGE_NAME "CoreFoundation"
#define PACKAGE_TARNAME "opencflite"
#define PACKAGE_VERSION "476.18.0"
#define PACKAGE_STRING "CoreFoundation 476.18.0"
#define PACKAGE_BUGREPORT "bfulgham@users.sourceforge.net"
#define PACKAGE "opencflite"
#define VERSION "476.18.0"
#define _BSD_SOURCE 1
#define _GNU_SOURCE 1
#define STDC_HEADERS 1
#define HAVE_SYS_TYPES_H 1
#define HAVE_SYS_STAT_H 1
#define HAVE_STDLIB_H 1
#define HAVE_STRING_H 1
#define HAVE_MEMORY_H 1
#define HAVE_STRINGS_H 1
#define HAVE_INTTYPES_H 1
#define HAVE_STDINT_H 1
#define HAVE_UNISTD_H 1
#define LT_OBJDIR ".libs/"
#define restrict __restrict

configure: exit 1
